<?xml version="1.0" encoding="UTF-8"?>
<!-- Generated by org.testng.reporters.JUnitReportReporter -->
<testsuite hostname="PRATIKRAMARAVKAR" failures="0" tests="1" name="rahulshettyacademy.Tests.ErrorValidation" time="4.342" errors="0" timestamp="2025-08-04T13:30:07 IST" skipped="0">
  <testcase classname="rahulshettyacademy.Tests.ErrorValidation" name="ErrorValidationTest" time="4.342"/>
</testsuite> <!-- rahulshettyacademy.Tests.ErrorValidation -->
