<?xml version="1.0" encoding="UTF-8"?>
<!-- Generated by org.testng.reporters.JUnitReportReporter -->
<testsuite hostname="PRATIKRAMARAVKAR" failures="0" tests="1" name="rahulshettyacademy.Tests.ErrorAlone" time="2.741" errors="0" timestamp="2025-07-27T23:07:28 IST" skipped="0">
  <testcase classname="rahulshettyacademy.Tests.ErrorAlone" name="submitOrder" time="2.741"/>
</testsuite> <!-- rahulshettyacademy.Tests.ErrorAlone -->
