<?xml version="1.0" encoding="UTF-8"?>
<!-- Generated by org.testng.reporters.JUnitReportReporter -->
<testsuite hostname="PRATIKRAMARAVKAR" failures="0" tests="3" name="rahulshettyacademy.Tests.SubmitOrderTest" time="16.346" errors="0" timestamp="2025-07-31T17:24:28 IST" skipped="0">
  <testcase classname="rahulshettyacademy.Tests.SubmitOrderTest" name="submitOrder" time="5.705"/>
  <testcase classname="rahulshettyacademy.Tests.SubmitOrderTest" name="submitOrder" time="6.744"/>
  <testcase classname="rahulshettyacademy.Tests.SubmitOrderTest" name="SubmitOrderPage" time="3.897"/>
</testsuite> <!-- rahulshettyacademy.Tests.SubmitOrderTest -->
