<?xml version="1.0" encoding="UTF-8"?>
<!-- Generated by org.testng.reporters.JUnitReportReporter -->
<testsuite hostname="PRATIKRAMARAVKAR" failures="0" tests="3" name="rahulshettyacademy.Tests.SubmitOrderTest" time="39.525" errors="0" timestamp="2025-08-05T18:46:40 IST" skipped="0">
  <testcase classname="rahulshettyacademy.Tests.SubmitOrderTest" name="submitOrder" time="8.046"/>
  <testcase classname="rahulshettyacademy.Tests.SubmitOrderTest" name="submitOrder" time="24.656"/>
  <testcase classname="rahulshettyacademy.Tests.SubmitOrderTest" name="SubmitOrderPage" time="6.823"/>
</testsuite> <!-- rahulshettyacademy.Tests.SubmitOrderTest -->
