<?xml version="1.0" encoding="UTF-8"?>
<!-- Generated by org.testng.reporters.JUnitReportReporter -->
<testsuite hostname="PRATIKRAMARAVKAR" failures="0" tests="2" name="rahulshettyacademy.Tests.ErrorValidation" time="30.092" errors="0" timestamp="2025-08-05T18:46:40 IST" skipped="0">
  <testcase classname="rahulshettyacademy.Tests.ErrorValidation" name="ErrorValidationTest" time="5.336"/>
  <testcase classname="rahulshettyacademy.Tests.ErrorValidation" name="ProductErrorValidation" time="24.756"/>
</testsuite> <!-- rahulshettyacademy.Tests.ErrorValidation -->
